2024-08-27T10:14:58.804+05:30  INFO 3648 --- [login-form] [main] c.S.SpringSecurityExamplesApplication    : Starting SpringSecurityExamplesApplication using Java 17.0.11 with PID 3648 (/home/sudhakar/Downloads/SpringSecurityExamples/target/classes started by sudhakar in /home/sudhakar/Downloads/SpringSecurityExamples)
2024-08-27T10:14:58.922+05:30  INFO 3648 --- [login-form] [main] c.S.SpringSecurityExamplesApplication    : No active profile set, falling back to 1 default profile: "default"
2024-08-27T10:15:06.025+05:30  INFO 3648 --- [login-form] [main] .s.d.r.c.RepositoryConfigurationDelegate : Bootstrapping Spring Data JPA repositories in DEFAULT mode.
2024-08-27T10:15:06.420+05:30  INFO 3648 --- [login-form] [main] .s.d.r.c.RepositoryConfigurationDelegate : Finished Spring Data repository scanning in 350 ms. Found 1 JPA repository interface.
2024-08-27T10:15:09.525+05:30  INFO 3648 --- [login-form] [main] o.s.b.w.embedded.tomcat.TomcatWebServer  : Tomcat initialized with port 8099 (http)
2024-08-27T10:15:09.612+05:30  INFO 3648 --- [login-form] [main] o.apache.catalina.core.StandardService   : Starting service [Tomcat]
2024-08-27T10:15:09.617+05:30  INFO 3648 --- [login-form] [main] o.apache.catalina.core.StandardEngine    : Starting Servlet engine: [Apache Tomcat/10.1.26]
2024-08-27T10:15:10.273+05:30  INFO 3648 --- [login-form] [main] o.a.c.c.C.[Tomcat].[localhost].[/]       : Initializing Spring embedded WebApplicationContext
2024-08-27T10:15:10.279+05:30  INFO 3648 --- [login-form] [main] w.s.c.ServletWebServerApplicationContext : Root WebApplicationContext: initialization completed in 10475 ms
2024-08-27T10:15:12.403+05:30  INFO 3648 --- [login-form] [main] o.hibernate.jpa.internal.util.LogHelper  : HHH000204: Processing PersistenceUnitInfo [name: default]
2024-08-27T10:15:12.885+05:30  INFO 3648 --- [login-form] [main] org.hibernate.Version                    : HHH000412: Hibernate ORM core version 6.4.9.Final
2024-08-27T10:15:13.331+05:30  INFO 3648 --- [login-form] [main] o.h.c.internal.RegionFactoryInitiator    : HHH000026: Second-level cache disabled
2024-08-27T10:15:15.121+05:30  INFO 3648 --- [login-form] [main] o.s.o.j.p.SpringPersistenceUnitInfo      : No LoadTimeWeaver setup: ignoring JPA class transformer
2024-08-27T10:15:15.217+05:30  INFO 3648 --- [login-form] [main] com.zaxxer.hikari.HikariDataSource       : HikariPool-1 - Starting...
2024-08-27T10:15:16.783+05:30  INFO 3648 --- [login-form] [main] com.zaxxer.hikari.pool.HikariPool        : HikariPool-1 - Added connection com.mysql.cj.jdbc.ConnectionImpl@4cd5fc46
2024-08-27T10:15:16.791+05:30  INFO 3648 --- [login-form] [main] com.zaxxer.hikari.HikariDataSource       : HikariPool-1 - Start completed.
2024-08-27T10:15:17.157+05:30  WARN 3648 --- [login-form] [main] org.hibernate.orm.deprecation            : HHH90000025: MySQL8Dialect does not need to be specified explicitly using 'hibernate.dialect' (remove the property setting and it will be selected by default)
2024-08-27T10:15:17.162+05:30  WARN 3648 --- [login-form] [main] org.hibernate.orm.deprecation            : HHH90000026: MySQL8Dialect has been deprecated; use org.hibernate.dialect.MySQLDialect instead
2024-08-27T10:15:21.268+05:30  INFO 3648 --- [login-form] [main] o.h.e.t.j.p.i.JtaPlatformInitiator       : HHH000489: No JTA platform available (set 'hibernate.transaction.jta.platform' to enable JTA platform integration)
2024-08-27T10:15:21.508+05:30  INFO 3648 --- [login-form] [main] j.LocalContainerEntityManagerFactoryBean : Initialized JPA EntityManagerFactory for persistence unit 'default'
2024-08-27T10:15:23.306+05:30  WARN 3648 --- [login-form] [main] JpaBaseConfiguration$JpaWebConfiguration : spring.jpa.open-in-view is enabled by default. Therefore, database queries may be performed during view rendering. Explicitly configure spring.jpa.open-in-view to disable this warning
2024-08-27T10:15:24.726+05:30  INFO 3648 --- [login-form] [main] o.s.s.web.DefaultSecurityFilterChain     : Will secure any request with [org.springframework.security.web.session.DisableEncodeUrlFilter@e5d9fa7, org.springframework.security.web.context.request.async.WebAsyncManagerIntegrationFilter@4010f232, org.springframework.security.web.context.SecurityContextHolderFilter@4917992b, org.springframework.security.web.header.HeaderWriterFilter@6915351c, org.springframework.web.filter.CorsFilter@24be6e34, org.springframework.security.web.authentication.logout.LogoutFilter@c6653e, org.springframework.security.web.authentication.www.BasicAuthenticationFilter@1dba7721, org.springframework.security.web.savedrequest.RequestCacheAwareFilter@1e9d6c78, org.springframework.security.web.servletapi.SecurityContextHolderAwareRequestFilter@5cfde2a4, org.springframework.security.web.authentication.AnonymousAuthenticationFilter@39f3285d, org.springframework.security.web.session.SessionManagementFilter@3453f79c, org.springframework.security.web.access.ExceptionTranslationFilter@62966c9f, org.springframework.security.web.access.intercept.AuthorizationFilter@66ce4b4]
2024-08-27T10:15:26.057+05:30  INFO 3648 --- [login-form] [main] o.s.b.w.embedded.tomcat.TomcatWebServer  : Tomcat started on port 8099 (http) with context path ''
2024-08-27T10:15:26.124+05:30  INFO 3648 --- [login-form] [main] c.S.SpringSecurityExamplesApplication    : Started SpringSecurityExamplesApplication in 33.626 seconds (process running for 38.798)
2024-08-27T10:17:29.296+05:30  INFO 3648 --- [login-form] [http-nio-8099-exec-2] o.a.c.c.C.[Tomcat].[localhost].[/]       : Initializing Spring DispatcherServlet 'dispatcherServlet'
2024-08-27T10:17:29.304+05:30  INFO 3648 --- [login-form] [http-nio-8099-exec-2] o.s.web.servlet.DispatcherServlet        : Initializing Servlet 'dispatcherServlet'
2024-08-27T10:17:29.310+05:30  INFO 3648 --- [login-form] [http-nio-8099-exec-2] o.s.web.servlet.DispatcherServlet        : Completed initialization in 4 ms
2024-08-27T10:17:30.139+05:30  WARN 3648 --- [login-form] [http-nio-8099-exec-2] .w.s.m.s.DefaultHandlerExceptionResolver : Resolved [org.springframework.web.HttpRequestMethodNotSupportedException: Request method 'POST' is not supported]
2024-08-27T10:18:29.101+05:30  WARN 3648 --- [login-form] [http-nio-8099-exec-3] .w.s.m.s.DefaultHandlerExceptionResolver : Resolved [org.springframework.web.HttpRequestMethodNotSupportedException: Request method 'POST' is not supported]
2024-08-27T10:18:56.248+05:30  INFO 3648 --- [login-form] [SpringApplicationShutdownHook] j.LocalContainerEntityManagerFactoryBean : Closing JPA EntityManagerFactory for persistence unit 'default'
2024-08-27T10:18:56.263+05:30  INFO 3648 --- [login-form] [SpringApplicationShutdownHook] com.zaxxer.hikari.HikariDataSource       : HikariPool-1 - Shutdown initiated...
2024-08-27T10:18:56.348+05:30  INFO 3648 --- [login-form] [SpringApplicationShutdownHook] com.zaxxer.hikari.HikariDataSource       : HikariPool-1 - Shutdown completed.
2024-08-27T10:19:07.327+05:30  INFO 3969 --- [login-form] [main] c.S.SpringSecurityExamplesApplication    : Starting SpringSecurityExamplesApplication using Java 17.0.11 with PID 3969 (/home/sudhakar/Downloads/SpringSecurityExamples/target/classes started by sudhakar in /home/sudhakar/Downloads/SpringSecurityExamples)
2024-08-27T10:19:07.333+05:30  INFO 3969 --- [login-form] [main] c.S.SpringSecurityExamplesApplication    : No active profile set, falling back to 1 default profile: "default"
2024-08-27T10:19:09.863+05:30  INFO 3969 --- [login-form] [main] .s.d.r.c.RepositoryConfigurationDelegate : Bootstrapping Spring Data JPA repositories in DEFAULT mode.
2024-08-27T10:19:10.140+05:30  INFO 3969 --- [login-form] [main] .s.d.r.c.RepositoryConfigurationDelegate : Finished Spring Data repository scanning in 234 ms. Found 1 JPA repository interface.
2024-08-27T10:19:12.341+05:30  INFO 3969 --- [login-form] [main] o.s.b.w.embedded.tomcat.TomcatWebServer  : Tomcat initialized with port 8099 (http)
2024-08-27T10:19:12.378+05:30  INFO 3969 --- [login-form] [main] o.apache.catalina.core.StandardService   : Starting service [Tomcat]
2024-08-27T10:19:12.384+05:30  INFO 3969 --- [login-form] [main] o.apache.catalina.core.StandardEngine    : Starting Servlet engine: [Apache Tomcat/10.1.26]
2024-08-27T10:19:12.728+05:30  INFO 3969 --- [login-form] [main] o.a.c.c.C.[Tomcat].[localhost].[/]       : Initializing Spring embedded WebApplicationContext
2024-08-27T10:19:12.729+05:30  INFO 3969 --- [login-form] [main] w.s.c.ServletWebServerApplicationContext : Root WebApplicationContext: initialization completed in 5135 ms
2024-08-27T10:19:13.764+05:30  INFO 3969 --- [login-form] [main] o.hibernate.jpa.internal.util.LogHelper  : HHH000204: Processing PersistenceUnitInfo [name: default]
2024-08-27T10:19:13.898+05:30  INFO 3969 --- [login-form] [main] org.hibernate.Version                    : HHH000412: Hibernate ORM core version 6.4.9.Final
2024-08-27T10:19:14.025+05:30  INFO 3969 --- [login-form] [main] o.h.c.internal.RegionFactoryInitiator    : HHH000026: Second-level cache disabled
2024-08-27T10:19:14.745+05:30  INFO 3969 --- [login-form] [main] o.s.o.j.p.SpringPersistenceUnitInfo      : No LoadTimeWeaver setup: ignoring JPA class transformer
2024-08-27T10:19:14.807+05:30  INFO 3969 --- [login-form] [main] com.zaxxer.hikari.HikariDataSource       : HikariPool-1 - Starting...
2024-08-27T10:19:15.753+05:30  INFO 3969 --- [login-form] [main] com.zaxxer.hikari.pool.HikariPool        : HikariPool-1 - Added connection com.mysql.cj.jdbc.ConnectionImpl@edbc2bf
2024-08-27T10:19:15.757+05:30  INFO 3969 --- [login-form] [main] com.zaxxer.hikari.HikariDataSource       : HikariPool-1 - Start completed.
2024-08-27T10:19:15.905+05:30  WARN 3969 --- [login-form] [main] org.hibernate.orm.deprecation            : HHH90000025: MySQL8Dialect does not need to be specified explicitly using 'hibernate.dialect' (remove the property setting and it will be selected by default)
2024-08-27T10:19:15.913+05:30  WARN 3969 --- [login-form] [main] org.hibernate.orm.deprecation            : HHH90000026: MySQL8Dialect has been deprecated; use org.hibernate.dialect.MySQLDialect instead
2024-08-27T10:19:18.286+05:30  INFO 3969 --- [login-form] [main] o.h.e.t.j.p.i.JtaPlatformInitiator       : HHH000489: No JTA platform available (set 'hibernate.transaction.jta.platform' to enable JTA platform integration)
2024-08-27T10:19:18.412+05:30  INFO 3969 --- [login-form] [main] j.LocalContainerEntityManagerFactoryBean : Initialized JPA EntityManagerFactory for persistence unit 'default'
2024-08-27T10:19:19.514+05:30  WARN 3969 --- [login-form] [main] JpaBaseConfiguration$JpaWebConfiguration : spring.jpa.open-in-view is enabled by default. Therefore, database queries may be performed during view rendering. Explicitly configure spring.jpa.open-in-view to disable this warning
2024-08-27T10:19:20.433+05:30  INFO 3969 --- [login-form] [main] o.s.s.web.DefaultSecurityFilterChain     : Will secure any request with [org.springframework.security.web.session.DisableEncodeUrlFilter@4b74a4d, org.springframework.security.web.context.request.async.WebAsyncManagerIntegrationFilter@63df2eb8, org.springframework.security.web.context.SecurityContextHolderFilter@2c4e63b3, org.springframework.security.web.header.HeaderWriterFilter@60e5b3a8, org.springframework.web.filter.CorsFilter@49c72fb7, org.springframework.security.web.authentication.logout.LogoutFilter@6f627a1a, org.springframework.security.web.authentication.www.BasicAuthenticationFilter@5e572b08, org.springframework.security.web.savedrequest.RequestCacheAwareFilter@3a7f382, org.springframework.security.web.servletapi.SecurityContextHolderAwareRequestFilter@3d8512e9, org.springframework.security.web.authentication.AnonymousAuthenticationFilter@565983f3, org.springframework.security.web.session.SessionManagementFilter@3687b83c, org.springframework.security.web.access.ExceptionTranslationFilter@1237aa73, org.springframework.security.web.access.intercept.AuthorizationFilter@f5a680]
2024-08-27T10:19:21.157+05:30  INFO 3969 --- [login-form] [main] o.s.b.w.embedded.tomcat.TomcatWebServer  : Tomcat started on port 8099 (http) with context path ''
2024-08-27T10:19:21.190+05:30  INFO 3969 --- [login-form] [main] c.S.SpringSecurityExamplesApplication    : Started SpringSecurityExamplesApplication in 15.331 seconds (process running for 17.522)
2024-08-27T10:19:33.836+05:30  INFO 3969 --- [login-form] [http-nio-8099-exec-2] o.a.c.c.C.[Tomcat].[localhost].[/]       : Initializing Spring DispatcherServlet 'dispatcherServlet'
2024-08-27T10:19:33.839+05:30  INFO 3969 --- [login-form] [http-nio-8099-exec-2] o.s.web.servlet.DispatcherServlet        : Initializing Servlet 'dispatcherServlet'
2024-08-27T10:19:33.849+05:30  INFO 3969 --- [login-form] [http-nio-8099-exec-2] o.s.web.servlet.DispatcherServlet        : Completed initialization in 2 ms
2024-08-27T10:49:38.606+05:30  INFO 3969 --- [login-form] [SpringApplicationShutdownHook] j.LocalContainerEntityManagerFactoryBean : Closing JPA EntityManagerFactory for persistence unit 'default'
2024-08-27T10:49:38.619+05:30  INFO 3969 --- [login-form] [SpringApplicationShutdownHook] com.zaxxer.hikari.HikariDataSource       : HikariPool-1 - Shutdown initiated...
2024-08-27T10:49:38.659+05:30  INFO 3969 --- [login-form] [SpringApplicationShutdownHook] com.zaxxer.hikari.HikariDataSource       : HikariPool-1 - Shutdown completed.
2024-08-27T10:49:49.747+05:30  INFO 4495 --- [login-form] [main] c.S.SpringSecurityExamplesApplication    : Starting SpringSecurityExamplesApplication using Java 17.0.11 with PID 4495 (/home/sudhakar/Downloads/SpringSecurityExamples/target/classes started by sudhakar in /home/sudhakar/Downloads/SpringSecurityExamples)
2024-08-27T10:49:49.751+05:30  INFO 4495 --- [login-form] [main] c.S.SpringSecurityExamplesApplication    : No active profile set, falling back to 1 default profile: "default"
2024-08-27T10:49:51.908+05:30  INFO 4495 --- [login-form] [main] .s.d.r.c.RepositoryConfigurationDelegate : Bootstrapping Spring Data JPA repositories in DEFAULT mode.
2024-08-27T10:49:52.085+05:30  INFO 4495 --- [login-form] [main] .s.d.r.c.RepositoryConfigurationDelegate : Finished Spring Data repository scanning in 146 ms. Found 1 JPA repository interface.
2024-08-27T10:49:53.844+05:30  INFO 4495 --- [login-form] [main] o.s.b.w.embedded.tomcat.TomcatWebServer  : Tomcat initialized with port 8099 (http)
2024-08-27T10:49:53.874+05:30  INFO 4495 --- [login-form] [main] o.apache.catalina.core.StandardService   : Starting service [Tomcat]
2024-08-27T10:49:53.879+05:30  INFO 4495 --- [login-form] [main] o.apache.catalina.core.StandardEngine    : Starting Servlet engine: [Apache Tomcat/10.1.26]
2024-08-27T10:49:54.166+05:30  INFO 4495 --- [login-form] [main] o.a.c.c.C.[Tomcat].[localhost].[/]       : Initializing Spring embedded WebApplicationContext
2024-08-27T10:49:54.167+05:30  INFO 4495 --- [login-form] [main] w.s.c.ServletWebServerApplicationContext : Root WebApplicationContext: initialization completed in 4214 ms
2024-08-27T10:49:55.141+05:30  INFO 4495 --- [login-form] [main] o.hibernate.jpa.internal.util.LogHelper  : HHH000204: Processing PersistenceUnitInfo [name: default]
2024-08-27T10:49:55.258+05:30  INFO 4495 --- [login-form] [main] org.hibernate.Version                    : HHH000412: Hibernate ORM core version 6.4.9.Final
2024-08-27T10:49:55.349+05:30  INFO 4495 --- [login-form] [main] o.h.c.internal.RegionFactoryInitiator    : HHH000026: Second-level cache disabled
2024-08-27T10:49:55.922+05:30  INFO 4495 --- [login-form] [main] o.s.o.j.p.SpringPersistenceUnitInfo      : No LoadTimeWeaver setup: ignoring JPA class transformer
2024-08-27T10:49:55.976+05:30  INFO 4495 --- [login-form] [main] com.zaxxer.hikari.HikariDataSource       : HikariPool-1 - Starting...
2024-08-27T10:49:56.767+05:30  INFO 4495 --- [login-form] [main] com.zaxxer.hikari.pool.HikariPool        : HikariPool-1 - Added connection com.mysql.cj.jdbc.ConnectionImpl@3e01796a
2024-08-27T10:49:56.769+05:30  INFO 4495 --- [login-form] [main] com.zaxxer.hikari.HikariDataSource       : HikariPool-1 - Start completed.
2024-08-27T10:49:56.860+05:30  WARN 4495 --- [login-form] [main] org.hibernate.orm.deprecation            : HHH90000025: MySQL8Dialect does not need to be specified explicitly using 'hibernate.dialect' (remove the property setting and it will be selected by default)
2024-08-27T10:49:56.865+05:30  WARN 4495 --- [login-form] [main] org.hibernate.orm.deprecation            : HHH90000026: MySQL8Dialect has been deprecated; use org.hibernate.dialect.MySQLDialect instead
2024-08-27T10:49:58.959+05:30  INFO 4495 --- [login-form] [main] o.h.e.t.j.p.i.JtaPlatformInitiator       : HHH000489: No JTA platform available (set 'hibernate.transaction.jta.platform' to enable JTA platform integration)
2024-08-27T10:49:59.095+05:30  INFO 4495 --- [login-form] [main] j.LocalContainerEntityManagerFactoryBean : Initialized JPA EntityManagerFactory for persistence unit 'default'
2024-08-27T10:50:00.157+05:30  WARN 4495 --- [login-form] [main] JpaBaseConfiguration$JpaWebConfiguration : spring.jpa.open-in-view is enabled by default. Therefore, database queries may be performed during view rendering. Explicitly configure spring.jpa.open-in-view to disable this warning
2024-08-27T10:50:00.892+05:30  INFO 4495 --- [login-form] [main] o.s.s.web.DefaultSecurityFilterChain     : Will secure any request with [org.springframework.security.web.session.DisableEncodeUrlFilter@49c72fb7, org.springframework.security.web.context.request.async.WebAsyncManagerIntegrationFilter@565983f3, org.springframework.security.web.context.SecurityContextHolderFilter@5a2297d7, org.springframework.security.web.header.HeaderWriterFilter@70ebaa1e, org.springframework.web.filter.CorsFilter@68024e57, org.springframework.security.web.authentication.logout.LogoutFilter@62536882, org.springframework.security.web.authentication.www.BasicAuthenticationFilter@a3e458, org.springframework.security.web.savedrequest.RequestCacheAwareFilter@39d37da8, org.springframework.security.web.servletapi.SecurityContextHolderAwareRequestFilter@48861d1, org.springframework.security.web.authentication.AnonymousAuthenticationFilter@72321701, org.springframework.security.web.session.SessionManagementFilter@2c4e63b3, org.springframework.security.web.access.ExceptionTranslationFilter@1e084a26, org.springframework.security.web.access.intercept.AuthorizationFilter@7bf997e0]
2024-08-27T10:50:01.557+05:30  INFO 4495 --- [login-form] [main] o.s.b.w.embedded.tomcat.TomcatWebServer  : Tomcat started on port 8099 (http) with context path ''
2024-08-27T10:50:01.595+05:30  INFO 4495 --- [login-form] [main] c.S.SpringSecurityExamplesApplication    : Started SpringSecurityExamplesApplication in 13.282 seconds (process running for 15.203)
2024-08-27T10:50:15.944+05:30  INFO 4495 --- [login-form] [http-nio-8099-exec-2] o.a.c.c.C.[Tomcat].[localhost].[/]       : Initializing Spring DispatcherServlet 'dispatcherServlet'
2024-08-27T10:50:15.947+05:30  INFO 4495 --- [login-form] [http-nio-8099-exec-2] o.s.web.servlet.DispatcherServlet        : Initializing Servlet 'dispatcherServlet'
2024-08-27T10:50:15.950+05:30  INFO 4495 --- [login-form] [http-nio-8099-exec-2] o.s.web.servlet.DispatcherServlet        : Completed initialization in 2 ms
2024-08-27T11:17:50.730+05:30  WARN 4495 --- [login-form] [http-nio-8099-exec-5] .w.s.m.s.DefaultHandlerExceptionResolver : Resolved [org.springframework.web.HttpRequestMethodNotSupportedException: Request method 'GET' is not supported]
2024-08-27T11:18:07.068+05:30  WARN 4495 --- [login-form] [http-nio-8099-exec-7] .w.s.m.s.DefaultHandlerExceptionResolver : Resolved [org.springframework.web.HttpRequestMethodNotSupportedException: Request method 'GET' is not supported]
